<?xml version="1.0" encoding="UTF-8"?>
<!-- Generated by org.testng.reporters.JUnitReportReporter -->
<testsuite hostname="SRIKANTH" failures="0" tests="1" name="com.mystore.testcases.ProductPageTest" time="17.265" errors="0" timestamp="2024-09-20T23:15:15 IST" skipped="0">
  <testcase classname="com.mystore.testcases.ProductPageTest" name="productList" time="17.265"/>
  <system-out/>
</testsuite> <!-- com.mystore.testcases.ProductPageTest -->
