<?xml version="1.0" encoding="UTF-8"?>
<!-- Generated by org.testng.reporters.JUnitReportReporter -->
<testsuite hostname="SRIKANTH" failures="0" tests="1" name="com.mystore.testcases.SiginUpPage" time="7.507" errors="0" timestamp="2024-09-20T21:06:31 IST" skipped="0">
  <testcase classname="com.mystore.testcases.SiginUpPage" name="singinToApp" time="7.507"/>
  <system-out/>
</testsuite> <!-- com.mystore.testcases.SiginUpPage -->
