<?xml version="1.0" encoding="UTF-8"?>
<!-- Generated by org.testng.reporters.JUnitReportReporter -->
<testsuite hostname="SRIKANTH" failures="0" tests="1" name="com.mystore.testcases.HomePageTest" time="14.046" errors="0" timestamp="2024-09-20T19:00:34 IST" skipped="0">
  <testcase classname="com.mystore.testcases.HomePageTest" name="HomePage" time="14.046"/>
  <system-out/>
</testsuite> <!-- com.mystore.testcases.HomePageTest -->
