<?xml version="1.0" encoding="UTF-8"?>
<!-- Generated by org.testng.reporters.JUnitReportReporter -->
<testsuite hostname="SRIKANTH" failures="0" tests="1" name="com.mystore.testcases.HomePageTest" time="19.945" errors="0" timestamp="20 Sep 2024 13:09:35 GMT" skipped="0">
  <testcase classname="com.mystore.testcases.HomePageTest" name="HomePage" time="19.945"/>
</testsuite> <!-- com.mystore.testcases.HomePageTest -->
