<?xml version="1.0" encoding="UTF-8"?>
<!-- Generated by org.testng.reporters.JUnitReportReporter -->
<testsuite hostname="SRIKANTH" failures="0" tests="1" name="com.mystore.testcases.LoginTest" time="10.395" errors="0" timestamp="20 Sep 2024 11:53:39 GMT" skipped="0">
  <testcase classname="com.mystore.testcases.LoginTest" name="loginTest" time="10.395"/>
</testsuite> <!-- com.mystore.testcases.LoginTest -->
